Operating system: Microsoft Windows NT 6.2.9200.0
Opening INI file "C:\soned2-1\Sonic Into The Void\Sonic 1 2005 INIs\SonLVL.ini"...
Game type is S1.
Loading Green Hill Zone Act 3...
Loading 8x8 tiles from file "../artnem/8x8ghz1.bin", using compression Nemesis...
Loading 8x8 tiles from file "../artnem/8x8ghz2.bin", using compression Nemesis...
Loading 16x16 blocks from file "../map16/GHZ.bin", using compression Enigma...
Loading 256x256 chunks from file "../map256/GHZ.bin", using compression Kosinski...
Loading FG layout from file "../levels/ghz3.bin", using compression Uncompressed...
Loading BG layout from file "../levels/ghzbg.bin", using compression Uncompressed...
Loading palette file "../pallet/sonic.bin"...
Source: 0 Destination: 0 Length: 16
Loading palette file "../pallet/ghz.bin"...
Source: 0 Destination: 16 Length: 48
Loading object definition file "obj.ini".
Loading object definition file "objGHZ.ini".
Loading ObjectDefinition type S12005ObjectDefinitions.Common.Ring from "Common\Ring.cs"...
Loading type from cached assembly "dllcache\S12005ObjectDefinitions.Common.Ring.dll"...
Loading ObjectDefinition type S12005ObjectDefinitions.Common.InvisibleBlock from "Common\InvisibleBlock.cs"...
Loading type from cached assembly "dllcache\S12005ObjectDefinitions.Common.InvisibleBlock.dll"...
Loading ObjectDefinition type S12005ObjectDefinitions.GHZ.Bridge from "GHZ\Bridge.cs"...
Loading type from cached assembly "dllcache\S12005ObjectDefinitions.GHZ.Bridge.dll"...
Loading ObjectDefinition type S12005ObjectDefinitions.GHZ.SwingingPlatform from "GHZ\SwingingPlatform.cs"...
Loading type from cached assembly "dllcache\S12005ObjectDefinitions.GHZ.SwingingPlatform.dll"...
Loading objects from file "../objpos/ghz3.bin", using compression Uncompressed...
Loading start position "Level Start" from file "../misc/sloc_lev.bin"...
Drawing block bitmaps...
Drawing chunk bitmaps...
Load completed.
Saving Green Hill Zone Act 3...
Saving Green Hill Zone Act 3...
Loading Marble Zone Act 3...
Loading 8x8 tiles from file "../artnem/8x8mz.bin", using compression Nemesis...
Loading 16x16 blocks from file "../map16/MZ.bin", using compression Enigma...
Loading 256x256 chunks from file "../map256/MZ.bin", using compression Kosinski...
Loading FG layout from file "../levels/mz3.bin", using compression Uncompressed...
Loading BG layout from file "../levels/mz3bg.bin", using compression Uncompressed...
Loading palette file "../pallet/sonic.bin"...
Source: 0 Destination: 0 Length: 16
Loading palette file "../pallet/mz.bin"...
Source: 0 Destination: 16 Length: 48
Loading object definition file "obj.ini".
Loading object definition file "objMZ.ini".
Loading ObjectDefinition type S12005ObjectDefinitions.Common.Ring from "Common\Ring.cs"...
Loading type from cached assembly "dllcache\S12005ObjectDefinitions.Common.Ring.dll"...
Loading ObjectDefinition type S12005ObjectDefinitions.Common.InvisibleBlock from "Common\InvisibleBlock.cs"...
Loading type from cached assembly "dllcache\S12005ObjectDefinitions.Common.InvisibleBlock.dll"...
Loading objects from file "../objpos/mz3.bin", using compression Uncompressed...
Loading start position "Level Start" from file "../misc/sloc_lev.bin"...
Drawing block bitmaps...
Drawing chunk bitmaps...
Load completed.
Saving Marble Zone Act 3...
Saving Marble Zone Act 3...
Saving Marble Zone Act 3...
Saving Marble Zone Act 3...
Saving Marble Zone Act 3...
Saving Marble Zone Act 3...
Saving Marble Zone Act 3...
Saving Marble Zone Act 3...
Saving Marble Zone Act 3...
Saving Marble Zone Act 3...
Saving Marble Zone Act 3...
Loading Star Light Zone Act 3...
Loading 8x8 tiles from file "../artnem/8x8slz.bin", using compression Nemesis...
Loading 16x16 blocks from file "../map16/SLZ.bin", using compression Enigma...
Loading 256x256 chunks from file "../map256/SLZ.bin", using compression Kosinski...
Loading FG layout from file "../levels/slz3.bin", using compression Uncompressed...
Loading BG layout from file "../levels/slzbg.bin", using compression Uncompressed...
Loading palette file "../pallet/sonic.bin"...
Source: 0 Destination: 0 Length: 16
Loading palette file "../pallet/slz.bin"...
Source: 0 Destination: 16 Length: 48
Loading object definition file "obj.ini".
Loading ObjectDefinition type S12005ObjectDefinitions.Common.Ring from "Common\Ring.cs"...
Loading type from cached assembly "dllcache\S12005ObjectDefinitions.Common.Ring.dll"...
Loading ObjectDefinition type S12005ObjectDefinitions.Common.InvisibleBlock from "Common\InvisibleBlock.cs"...
Loading type from cached assembly "dllcache\S12005ObjectDefinitions.Common.InvisibleBlock.dll"...
Loading objects from file "../objpos/slz3.bin", using compression Uncompressed...
Loading start position "Level Start" from file "../misc/sloc_lev.bin"...
Loading start position "Credits Demo" from file "../misc/sloc_end.bin"...
Drawing block bitmaps...
Drawing chunk bitmaps...
Load completed.
Loading Spring Yard Zone Act 3...
Loading 8x8 tiles from file "../artnem/8x8syz.bin", using compression Nemesis...
Loading 16x16 blocks from file "../map16/SYZ.bin", using compression Enigma...
Loading 256x256 chunks from file "../map256/SYZ.bin", using compression Kosinski...
Loading FG layout from file "../levels/syz3.bin", using compression Uncompressed...
Loading BG layout from file "../levels/syzbg.bin", using compression Uncompressed...
Loading palette file "../pallet/sonic.bin"...
Source: 0 Destination: 0 Length: 16
Loading palette file "../pallet/syz.bin"...
Source: 0 Destination: 16 Length: 48
Loading object definition file "obj.ini".
Loading object definition file "objSYZ.ini".
Loading ObjectDefinition type S12005ObjectDefinitions.Common.Ring from "Common\Ring.cs"...
Loading type from cached assembly "dllcache\S12005ObjectDefinitions.Common.Ring.dll"...
Loading ObjectDefinition type S12005ObjectDefinitions.Common.InvisibleBlock from "Common\InvisibleBlock.cs"...
Loading type from cached assembly "dllcache\S12005ObjectDefinitions.Common.InvisibleBlock.dll"...
Loading ObjectDefinition type S12005ObjectDefinitions.SYZ.Block from "SYZ\Block.cs"...
Loading type from cached assembly "dllcache\S12005ObjectDefinitions.SYZ.Block.dll"...
Loading objects from file "../objpos/syz3.bin", using compression Uncompressed...
System.ArgumentOutOfRangeException: Index was out of range. Must be non-negative and less than the size of the collection.
Parameter name: index
   at System.ThrowHelper.ThrowArgumentOutOfRangeException()
   at System.Collections.Generic.List`1.get_Item(Int32 index)
   at S12005ObjectDefinitions.SYZ.Block.SubtypeImage(Byte subtype) in c:\soned2-1\Sonic Into The Void\Sonic 1 2005 INIs\SYZ\Block.cs:line 49
   at S12005ObjectDefinitions.SYZ.Block.GetSprite(ObjectEntry obj) in c:\soned2-1\Sonic Into The Void\Sonic 1 2005 INIs\SYZ\Block.cs:line 59
   at SonicRetro.SonLVL.API.ObjectEntry.UpdateSprite() in C:\Users\Mike\Documents\GitHub\SonLVL\SonLVLAPI\DataTypes.cs:line 749
   at SonicRetro.SonLVL.API.LevelData.LoadLevel(String levelname, Boolean loadGraphics) in C:\Users\Mike\Documents\GitHub\SonLVL\SonLVLAPI\LevelData.cs:line 565
   at SonicRetro.SonLVL.GUI.MainForm.backgroundLevelLoader_DoWork(Object sender, DoWorkEventArgs e) in C:\Users\Mike\Documents\GitHub\SonLVL\SonLVL\MainForm.cs:line 475
